Python 3.11.7
starting zsts_to_post_csv
done with globals
starting
Reading submissions

read all lines
Reading comments

read all lines
starting zsts_to_user_data.py
done with globals
starting
Reading submissions
read all lines
Reading comments
read all lines
Writing file
starting clean_and_add_seconds.py
done with globals
starting
Getting CSV size
CSV has 168 total chunks. Reading
cleaning
cleaned chunk 1 of 169
cleaned chunk 2 of 169
cleaned chunk 3 of 169
cleaned chunk 4 of 169
cleaned chunk 5 of 169
cleaned chunk 6 of 169
cleaned chunk 7 of 169
cleaned chunk 8 of 169
cleaned chunk 9 of 169
cleaned chunk 10 of 169
cleaned chunk 11 of 169
cleaned chunk 12 of 169
cleaned chunk 13 of 169
cleaned chunk 14 of 169
cleaned chunk 15 of 169
cleaned chunk 16 of 169
cleaned chunk 17 of 169
cleaned chunk 18 of 169
cleaned chunk 19 of 169
cleaned chunk 20 of 169
cleaned chunk 21 of 169
cleaned chunk 22 of 169
cleaned chunk 23 of 169
cleaned chunk 24 of 169
cleaned chunk 25 of 169
cleaned chunk 26 of 169
cleaned chunk 27 of 169
cleaned chunk 28 of 169
cleaned chunk 29 of 169
cleaned chunk 30 of 169
cleaned chunk 31 of 169
cleaned chunk 32 of 169
cleaned chunk 33 of 169
cleaned chunk 34 of 169
cleaned chunk 35 of 169
cleaned chunk 36 of 169
cleaned chunk 37 of 169
cleaned chunk 38 of 169
cleaned chunk 39 of 169
cleaned chunk 40 of 169
cleaned chunk 41 of 169
cleaned chunk 42 of 169
cleaned chunk 43 of 169
cleaned chunk 44 of 169
cleaned chunk 45 of 169
cleaned chunk 46 of 169
cleaned chunk 47 of 169
cleaned chunk 48 of 169
cleaned chunk 49 of 169
cleaned chunk 50 of 169
cleaned chunk 51 of 169
cleaned chunk 52 of 169
cleaned chunk 53 of 169
cleaned chunk 54 of 169
cleaned chunk 55 of 169
cleaned chunk 56 of 169
cleaned chunk 57 of 169
cleaned chunk 58 of 169
cleaned chunk 59 of 169
cleaned chunk 60 of 169
cleaned chunk 61 of 169
cleaned chunk 62 of 169
cleaned chunk 63 of 169
cleaned chunk 64 of 169
cleaned chunk 65 of 169
cleaned chunk 66 of 169
cleaned chunk 67 of 169
cleaned chunk 68 of 169
cleaned chunk 69 of 169
cleaned chunk 70 of 169
cleaned chunk 71 of 169
cleaned chunk 72 of 169
cleaned chunk 73 of 169
cleaned chunk 74 of 169
cleaned chunk 75 of 169
cleaned chunk 76 of 169
cleaned chunk 77 of 169
cleaned chunk 78 of 169
cleaned chunk 79 of 169
cleaned chunk 80 of 169
cleaned chunk 81 of 169
cleaned chunk 82 of 169
cleaned chunk 83 of 169
cleaned chunk 84 of 169
cleaned chunk 85 of 169
cleaned chunk 86 of 169
cleaned chunk 87 of 169
cleaned chunk 88 of 169
cleaned chunk 89 of 169
cleaned chunk 90 of 169
cleaned chunk 91 of 169
cleaned chunk 92 of 169
cleaned chunk 93 of 169
cleaned chunk 94 of 169
cleaned chunk 95 of 169
cleaned chunk 96 of 169
cleaned chunk 97 of 169
cleaned chunk 98 of 169
cleaned chunk 99 of 169
cleaned chunk 100 of 169
cleaned chunk 101 of 169
cleaned chunk 102 of 169
cleaned chunk 103 of 169
cleaned chunk 104 of 169
cleaned chunk 105 of 169
cleaned chunk 106 of 169
cleaned chunk 107 of 169
cleaned chunk 108 of 169
cleaned chunk 109 of 169
cleaned chunk 110 of 169
cleaned chunk 111 of 169
cleaned chunk 112 of 169
cleaned chunk 113 of 169
cleaned chunk 114 of 169
cleaned chunk 115 of 169
cleaned chunk 116 of 169
cleaned chunk 117 of 169
cleaned chunk 118 of 169
cleaned chunk 119 of 169
cleaned chunk 120 of 169
cleaned chunk 121 of 169
cleaned chunk 122 of 169
cleaned chunk 123 of 169
cleaned chunk 124 of 169
cleaned chunk 125 of 169
cleaned chunk 126 of 169
cleaned chunk 127 of 169
cleaned chunk 128 of 169
cleaned chunk 129 of 169
cleaned chunk 130 of 169
cleaned chunk 131 of 169
cleaned chunk 132 of 169
cleaned chunk 133 of 169
cleaned chunk 134 of 169
cleaned chunk 135 of 169
cleaned chunk 136 of 169
cleaned chunk 137 of 169
cleaned chunk 138 of 169
cleaned chunk 139 of 169
cleaned chunk 140 of 169
cleaned chunk 141 of 169
cleaned chunk 142 of 169
cleaned chunk 143 of 169
cleaned chunk 144 of 169
cleaned chunk 145 of 169
cleaned chunk 146 of 169
cleaned chunk 147 of 169
cleaned chunk 148 of 169
cleaned chunk 149 of 169
cleaned chunk 150 of 169
cleaned chunk 151 of 169
cleaned chunk 152 of 169
cleaned chunk 153 of 169
cleaned chunk 154 of 169
cleaned chunk 155 of 169
cleaned chunk 156 of 169
cleaned chunk 157 of 169
cleaned chunk 158 of 169
cleaned chunk 159 of 169
cleaned chunk 160 of 169
cleaned chunk 161 of 169
cleaned chunk 162 of 169
cleaned chunk 163 of 169
cleaned chunk 164 of 169
cleaned chunk 165 of 169
cleaned chunk 166 of 169
cleaned chunk 167 of 169
cleaned chunk 168 of 169
cleaned chunk 169 of 169
Converting date column to datetime
Getting min date
Filling seconds column
/home/bls910/.conda/envs/first-kernel/lib/python3.11/site-packages/numpy/core/fromnumeric.py:59: FutureWarning: 'DataFrame.swapaxes' is deprecated and will be removed in a future version. Please use 'DataFrame.transpose' instead.
  return bound(*args, **kwds)
filling seconds chunk 1 of 126
filling seconds chunk 2 of 126
filling seconds chunk 3 of 126
filling seconds chunk 4 of 126
filling seconds chunk 5 of 126
filling seconds chunk 6 of 126
filling seconds chunk 7 of 126
filling seconds chunk 8 of 126
filling seconds chunk 9 of 126
filling seconds chunk 10 of 126
filling seconds chunk 11 of 126
filling seconds chunk 12 of 126
filling seconds chunk 13 of 126
filling seconds chunk 14 of 126
filling seconds chunk 15 of 126
filling seconds chunk 16 of 126
filling seconds chunk 17 of 126
filling seconds chunk 18 of 126
filling seconds chunk 19 of 126
filling seconds chunk 20 of 126
filling seconds chunk 21 of 126
filling seconds chunk 22 of 126
filling seconds chunk 23 of 126
filling seconds chunk 24 of 126
filling seconds chunk 25 of 126
filling seconds chunk 26 of 126
filling seconds chunk 27 of 126
filling seconds chunk 28 of 126
filling seconds chunk 29 of 126
filling seconds chunk 30 of 126
filling seconds chunk 31 of 126
filling seconds chunk 32 of 126
filling seconds chunk 33 of 126
filling seconds chunk 34 of 126
filling seconds chunk 35 of 126
filling seconds chunk 36 of 126
filling seconds chunk 37 of 126
filling seconds chunk 38 of 126
filling seconds chunk 39 of 126
filling seconds chunk 40 of 126
filling seconds chunk 41 of 126
filling seconds chunk 42 of 126
filling seconds chunk 43 of 126
filling seconds chunk 44 of 126
filling seconds chunk 45 of 126
filling seconds chunk 46 of 126
filling seconds chunk 47 of 126
filling seconds chunk 48 of 126
filling seconds chunk 49 of 126
filling seconds chunk 50 of 126
filling seconds chunk 51 of 126
filling seconds chunk 52 of 126
filling seconds chunk 53 of 126
filling seconds chunk 54 of 126
filling seconds chunk 55 of 126
filling seconds chunk 56 of 126
filling seconds chunk 57 of 126
filling seconds chunk 58 of 126
filling seconds chunk 59 of 126
filling seconds chunk 60 of 126
filling seconds chunk 61 of 126
filling seconds chunk 62 of 126
filling seconds chunk 63 of 126
filling seconds chunk 64 of 126
filling seconds chunk 65 of 126
filling seconds chunk 66 of 126
filling seconds chunk 67 of 126
filling seconds chunk 68 of 126
filling seconds chunk 69 of 126
filling seconds chunk 70 of 126
filling seconds chunk 71 of 126
filling seconds chunk 72 of 126
filling seconds chunk 73 of 126
filling seconds chunk 74 of 126
filling seconds chunk 75 of 126
filling seconds chunk 76 of 126
filling seconds chunk 77 of 126
filling seconds chunk 78 of 126
filling seconds chunk 79 of 126
filling seconds chunk 80 of 126
filling seconds chunk 81 of 126
filling seconds chunk 82 of 126
filling seconds chunk 83 of 126
filling seconds chunk 84 of 126
filling seconds chunk 85 of 126
filling seconds chunk 86 of 126
filling seconds chunk 87 of 126
filling seconds chunk 88 of 126
filling seconds chunk 89 of 126
filling seconds chunk 90 of 126
filling seconds chunk 91 of 126
filling seconds chunk 92 of 126
filling seconds chunk 93 of 126
filling seconds chunk 94 of 126
filling seconds chunk 95 of 126
filling seconds chunk 96 of 126
filling seconds chunk 97 of 126
filling seconds chunk 98 of 126
filling seconds chunk 99 of 126
filling seconds chunk 100 of 126
filling seconds chunk 101 of 126
filling seconds chunk 102 of 126
filling seconds chunk 103 of 126
filling seconds chunk 104 of 126
filling seconds chunk 105 of 126
filling seconds chunk 106 of 126
filling seconds chunk 107 of 126
filling seconds chunk 108 of 126
filling seconds chunk 109 of 126
filling seconds chunk 110 of 126
filling seconds chunk 111 of 126
filling seconds chunk 112 of 126
filling seconds chunk 113 of 126
filling seconds chunk 114 of 126
filling seconds chunk 115 of 126
filling seconds chunk 116 of 126
filling seconds chunk 117 of 126
filling seconds chunk 118 of 126
filling seconds chunk 119 of 126
filling seconds chunk 120 of 126
filling seconds chunk 121 of 126
filling seconds chunk 122 of 126
filling seconds chunk 123 of 126
filling seconds chunk 124 of 126
filling seconds chunk 125 of 126
filling seconds chunk 126 of 126
Adding user seconds: writing user seconds
/home/bls910/.conda/envs/first-kernel/lib/python3.11/site-packages/numpy/core/fromnumeric.py:59: FutureWarning: 'DataFrame.swapaxes' is deprecated and will be removed in a future version. Please use 'DataFrame.transpose' instead.
  return bound(*args, **kwds)
Got user seconds chunk 1 of 126
Got user seconds chunk 2 of 126
Got user seconds chunk 3 of 126
Got user seconds chunk 4 of 126
Got user seconds chunk 5 of 126
Got user seconds chunk 6 of 126
Got user seconds chunk 7 of 126
Got user seconds chunk 8 of 126
Got user seconds chunk 9 of 126
Got user seconds chunk 10 of 126
Got user seconds chunk 11 of 126
Got user seconds chunk 12 of 126
Got user seconds chunk 13 of 126
Got user seconds chunk 14 of 126
Got user seconds chunk 15 of 126
Got user seconds chunk 16 of 126
Got user seconds chunk 17 of 126
Got user seconds chunk 18 of 126
Got user seconds chunk 19 of 126
Got user seconds chunk 20 of 126
Got user seconds chunk 21 of 126
Got user seconds chunk 22 of 126
Got user seconds chunk 23 of 126
Got user seconds chunk 24 of 126
Got user seconds chunk 25 of 126
Got user seconds chunk 26 of 126
Got user seconds chunk 27 of 126
Got user seconds chunk 28 of 126
Got user seconds chunk 29 of 126
Got user seconds chunk 30 of 126
Got user seconds chunk 31 of 126
Got user seconds chunk 32 of 126
Got user seconds chunk 33 of 126
Got user seconds chunk 34 of 126
Got user seconds chunk 35 of 126
Got user seconds chunk 36 of 126
Got user seconds chunk 37 of 126
Got user seconds chunk 38 of 126
Got user seconds chunk 39 of 126
Got user seconds chunk 40 of 126
Got user seconds chunk 41 of 126
Got user seconds chunk 42 of 126
Got user seconds chunk 43 of 126
Got user seconds chunk 44 of 126
Got user seconds chunk 45 of 126
Got user seconds chunk 46 of 126
Got user seconds chunk 47 of 126
Got user seconds chunk 48 of 126
Got user seconds chunk 49 of 126
Got user seconds chunk 50 of 126
Got user seconds chunk 51 of 126
Got user seconds chunk 52 of 126
Got user seconds chunk 53 of 126
Got user seconds chunk 54 of 126
Got user seconds chunk 55 of 126
Got user seconds chunk 56 of 126
Got user seconds chunk 57 of 126
Got user seconds chunk 58 of 126
Got user seconds chunk 59 of 126
Got user seconds chunk 60 of 126
Got user seconds chunk 61 of 126
Got user seconds chunk 62 of 126
Got user seconds chunk 63 of 126
Got user seconds chunk 64 of 126
Got user seconds chunk 65 of 126
Got user seconds chunk 66 of 126
Got user seconds chunk 67 of 126
Got user seconds chunk 68 of 126
Got user seconds chunk 69 of 126
Got user seconds chunk 70 of 126
Got user seconds chunk 71 of 126
Got user seconds chunk 72 of 126
Got user seconds chunk 73 of 126
Got user seconds chunk 74 of 126
Got user seconds chunk 75 of 126
Got user seconds chunk 76 of 126
Got user seconds chunk 77 of 126
Got user seconds chunk 78 of 126
Got user seconds chunk 79 of 126
Got user seconds chunk 80 of 126
Got user seconds chunk 81 of 126
Got user seconds chunk 82 of 126
Got user seconds chunk 83 of 126
Got user seconds chunk 84 of 126
Got user seconds chunk 85 of 126
Got user seconds chunk 86 of 126
Got user seconds chunk 87 of 126
Got user seconds chunk 88 of 126
Got user seconds chunk 89 of 126
Got user seconds chunk 90 of 126
Got user seconds chunk 91 of 126
Got user seconds chunk 92 of 126
Got user seconds chunk 93 of 126
Got user seconds chunk 94 of 126
Got user seconds chunk 95 of 126
Got user seconds chunk 96 of 126
Got user seconds chunk 97 of 126
Got user seconds chunk 98 of 126
Got user seconds chunk 99 of 126
Got user seconds chunk 100 of 126
Got user seconds chunk 101 of 126
Got user seconds chunk 102 of 126
Got user seconds chunk 103 of 126
Got user seconds chunk 104 of 126
Got user seconds chunk 105 of 126
Got user seconds chunk 106 of 126
Got user seconds chunk 107 of 126
Got user seconds chunk 108 of 126
Got user seconds chunk 109 of 126
Got user seconds chunk 110 of 126
Got user seconds chunk 111 of 126
Got user seconds chunk 112 of 126
Got user seconds chunk 113 of 126
Got user seconds chunk 114 of 126
Got user seconds chunk 115 of 126
Got user seconds chunk 116 of 126
Got user seconds chunk 117 of 126
Got user seconds chunk 118 of 126
Got user seconds chunk 119 of 126
Got user seconds chunk 120 of 126
Got user seconds chunk 121 of 126
Got user seconds chunk 122 of 126
Got user seconds chunk 123 of 126
Got user seconds chunk 124 of 126
Got user seconds chunk 125 of 126
Got user seconds chunk 126 of 126
saving to CSV
starting tokenize_cleaned_csv.py
done with globals
starting
reading to dask and processing
getting total rows
Total rows: 12549791
Total chunks: 126
starting processing
Processed chunk 1 of 126
Processed chunk 2 of 126
Processed chunk 3 of 126
Processed chunk 4 of 126
Processed chunk 5 of 126
Processed chunk 6 of 126
Processed chunk 7 of 126
/home/bls910/reddit/preprocess/tokenize_cleaned_csv_new2.py:106: DtypeWarning: Columns (3) have mixed types. Specify dtype option on import or set low_memory=False.
  for i, df_chunk in enumerate(reader):
Processed chunk 8 of 126
Processed chunk 9 of 126
Processed chunk 10 of 126
Processed chunk 11 of 126
Processed chunk 12 of 126
Processed chunk 13 of 126
Processed chunk 14 of 126
Processed chunk 15 of 126
Processed chunk 16 of 126
Processed chunk 17 of 126
Processed chunk 18 of 126
Processed chunk 19 of 126
Processed chunk 20 of 126
Processed chunk 21 of 126
Processed chunk 22 of 126
Processed chunk 23 of 126
Processed chunk 24 of 126
Processed chunk 25 of 126
Processed chunk 26 of 126
Processed chunk 27 of 126
Processed chunk 28 of 126
Processed chunk 29 of 126
Processed chunk 30 of 126
Processed chunk 31 of 126
Processed chunk 32 of 126
Processed chunk 33 of 126
Processed chunk 34 of 126
Processed chunk 35 of 126
Processed chunk 36 of 126
Processed chunk 37 of 126
Processed chunk 38 of 126
Processed chunk 39 of 126
Processed chunk 40 of 126
Processed chunk 41 of 126
Processed chunk 42 of 126
Processed chunk 43 of 126
Processed chunk 44 of 126
Processed chunk 45 of 126
Processed chunk 46 of 126
Processed chunk 47 of 126
Processed chunk 48 of 126
Processed chunk 49 of 126
Processed chunk 50 of 126
Processed chunk 51 of 126
Processed chunk 52 of 126
Processed chunk 53 of 126
Processed chunk 54 of 126
Processed chunk 55 of 126
Processed chunk 56 of 126
Processed chunk 57 of 126
Processed chunk 58 of 126
Processed chunk 59 of 126
Processed chunk 60 of 126
Processed chunk 61 of 126
Processed chunk 62 of 126
Processed chunk 63 of 126
Processed chunk 64 of 126
Processed chunk 65 of 126
Processed chunk 66 of 126
Processed chunk 67 of 126
Processed chunk 68 of 126
Processed chunk 69 of 126
Processed chunk 70 of 126
Processed chunk 71 of 126
Processed chunk 72 of 126
Processed chunk 73 of 126
Processed chunk 74 of 126
Processed chunk 75 of 126
Processed chunk 76 of 126
Processed chunk 77 of 126
Processed chunk 78 of 126
Processed chunk 79 of 126
Processed chunk 80 of 126
Processed chunk 81 of 126
Processed chunk 82 of 126
Processed chunk 83 of 126
Processed chunk 84 of 126
Processed chunk 85 of 126
Processed chunk 86 of 126
Processed chunk 87 of 126
Processed chunk 88 of 126
Processed chunk 89 of 126
Processed chunk 90 of 126
Processed chunk 91 of 126
Processed chunk 92 of 126
Processed chunk 93 of 126
Processed chunk 94 of 126
Processed chunk 95 of 126
Processed chunk 96 of 126
Processed chunk 97 of 126
Processed chunk 98 of 126
Processed chunk 99 of 126
Processed chunk 100 of 126
Processed chunk 101 of 126
Processed chunk 102 of 126
Processed chunk 103 of 126
Processed chunk 104 of 126
Processed chunk 105 of 126
Processed chunk 106 of 126
Processed chunk 107 of 126
Processed chunk 108 of 126
Processed chunk 109 of 126
Processed chunk 110 of 126
Processed chunk 111 of 126
Processed chunk 112 of 126
Processed chunk 113 of 126
Processed chunk 114 of 126
Processed chunk 115 of 126
Processed chunk 116 of 126
Processed chunk 117 of 126
Processed chunk 118 of 126
Processed chunk 119 of 126
Processed chunk 120 of 126
Processed chunk 121 of 126
Processed chunk 122 of 126
Processed chunk 123 of 126
Processed chunk 124 of 126
Processed chunk 125 of 126
Processed chunk 126 of 126
Time to tokenize: 2968.0117354393005 seconds
starting add_true_date_info.py
done with globals
starting
reading
adding total user posts
adding post numbers
getting first date
labeling with true dates
writing
starting zsts_to_exp_df
done with globals
starting
Reading submissions

read all lines
Reading comments

read all lines
starting clean_and_add_seconds.py
done with globals
starting
Converting date column to datetime
Getting min date
cleaning
Filling seconds column
/home/bls910/.conda/envs/first-kernel/lib/python3.11/site-packages/numpy/core/fromnumeric.py:59: FutureWarning: 'DataFrame.swapaxes' is deprecated and will be removed in a future version. Please use 'DataFrame.transpose' instead.
  return bound(*args, **kwds)
filling seconds chunk 1 of 264
filling seconds chunk 2 of 264
filling seconds chunk 3 of 264
filling seconds chunk 4 of 264
filling seconds chunk 5 of 264
filling seconds chunk 6 of 264
filling seconds chunk 7 of 264
filling seconds chunk 8 of 264
filling seconds chunk 9 of 264
filling seconds chunk 10 of 264
filling seconds chunk 11 of 264
filling seconds chunk 12 of 264
filling seconds chunk 13 of 264
filling seconds chunk 14 of 264
filling seconds chunk 15 of 264
filling seconds chunk 16 of 264
filling seconds chunk 17 of 264
filling seconds chunk 18 of 264
filling seconds chunk 19 of 264
filling seconds chunk 20 of 264
filling seconds chunk 21 of 264
filling seconds chunk 22 of 264
filling seconds chunk 23 of 264
filling seconds chunk 24 of 264
filling seconds chunk 25 of 264
filling seconds chunk 26 of 264
filling seconds chunk 27 of 264
filling seconds chunk 28 of 264
filling seconds chunk 29 of 264
filling seconds chunk 30 of 264
filling seconds chunk 31 of 264
filling seconds chunk 32 of 264
filling seconds chunk 33 of 264
filling seconds chunk 34 of 264
filling seconds chunk 35 of 264
filling seconds chunk 36 of 264
filling seconds chunk 37 of 264
filling seconds chunk 38 of 264
filling seconds chunk 39 of 264
filling seconds chunk 40 of 264
filling seconds chunk 41 of 264
filling seconds chunk 42 of 264
filling seconds chunk 43 of 264
filling seconds chunk 44 of 264
filling seconds chunk 45 of 264
filling seconds chunk 46 of 264
filling seconds chunk 47 of 264
filling seconds chunk 48 of 264
filling seconds chunk 49 of 264
filling seconds chunk 50 of 264
filling seconds chunk 51 of 264
filling seconds chunk 52 of 264
filling seconds chunk 53 of 264
filling seconds chunk 54 of 264
filling seconds chunk 55 of 264
filling seconds chunk 56 of 264
filling seconds chunk 57 of 264
filling seconds chunk 58 of 264
filling seconds chunk 59 of 264
filling seconds chunk 60 of 264
filling seconds chunk 61 of 264
filling seconds chunk 62 of 264
filling seconds chunk 63 of 264
filling seconds chunk 64 of 264
filling seconds chunk 65 of 264
filling seconds chunk 66 of 264
filling seconds chunk 67 of 264
filling seconds chunk 68 of 264
filling seconds chunk 69 of 264
filling seconds chunk 70 of 264
filling seconds chunk 71 of 264
filling seconds chunk 72 of 264
filling seconds chunk 73 of 264
filling seconds chunk 74 of 264
filling seconds chunk 75 of 264
filling seconds chunk 76 of 264
filling seconds chunk 77 of 264
filling seconds chunk 78 of 264
filling seconds chunk 79 of 264
filling seconds chunk 80 of 264
filling seconds chunk 81 of 264
filling seconds chunk 82 of 264
filling seconds chunk 83 of 264
filling seconds chunk 84 of 264
filling seconds chunk 85 of 264
filling seconds chunk 86 of 264
filling seconds chunk 87 of 264
filling seconds chunk 88 of 264
filling seconds chunk 89 of 264
filling seconds chunk 90 of 264
filling seconds chunk 91 of 264
filling seconds chunk 92 of 264
filling seconds chunk 93 of 264
filling seconds chunk 94 of 264
filling seconds chunk 95 of 264
filling seconds chunk 96 of 264
filling seconds chunk 97 of 264
filling seconds chunk 98 of 264
filling seconds chunk 99 of 264
filling seconds chunk 100 of 264
filling seconds chunk 101 of 264
filling seconds chunk 102 of 264
filling seconds chunk 103 of 264
filling seconds chunk 104 of 264
filling seconds chunk 105 of 264
filling seconds chunk 106 of 264
filling seconds chunk 107 of 264
filling seconds chunk 108 of 264
filling seconds chunk 109 of 264
filling seconds chunk 110 of 264
filling seconds chunk 111 of 264
filling seconds chunk 112 of 264
filling seconds chunk 113 of 264
filling seconds chunk 114 of 264
filling seconds chunk 115 of 264
filling seconds chunk 116 of 264
filling seconds chunk 117 of 264
filling seconds chunk 118 of 264
filling seconds chunk 119 of 264
filling seconds chunk 120 of 264
filling seconds chunk 121 of 264
filling seconds chunk 122 of 264
filling seconds chunk 123 of 264
filling seconds chunk 124 of 264
filling seconds chunk 125 of 264
filling seconds chunk 126 of 264
filling seconds chunk 127 of 264
filling seconds chunk 128 of 264
filling seconds chunk 129 of 264
filling seconds chunk 130 of 264
filling seconds chunk 131 of 264
filling seconds chunk 132 of 264
filling seconds chunk 133 of 264
filling seconds chunk 134 of 264
filling seconds chunk 135 of 264
filling seconds chunk 136 of 264
filling seconds chunk 137 of 264
filling seconds chunk 138 of 264
filling seconds chunk 139 of 264
filling seconds chunk 140 of 264
filling seconds chunk 141 of 264
filling seconds chunk 142 of 264
filling seconds chunk 143 of 264
filling seconds chunk 144 of 264
filling seconds chunk 145 of 264
filling seconds chunk 146 of 264
filling seconds chunk 147 of 264
filling seconds chunk 148 of 264
filling seconds chunk 149 of 264
filling seconds chunk 150 of 264
filling seconds chunk 151 of 264
filling seconds chunk 152 of 264
filling seconds chunk 153 of 264
filling seconds chunk 154 of 264
filling seconds chunk 155 of 264
filling seconds chunk 156 of 264
filling seconds chunk 157 of 264
filling seconds chunk 158 of 264
filling seconds chunk 159 of 264
filling seconds chunk 160 of 264
filling seconds chunk 161 of 264
filling seconds chunk 162 of 264
filling seconds chunk 163 of 264
filling seconds chunk 164 of 264
filling seconds chunk 165 of 264
filling seconds chunk 166 of 264
filling seconds chunk 167 of 264
filling seconds chunk 168 of 264
filling seconds chunk 169 of 264
filling seconds chunk 170 of 264
filling seconds chunk 171 of 264
filling seconds chunk 172 of 264
filling seconds chunk 173 of 264
filling seconds chunk 174 of 264
filling seconds chunk 175 of 264
filling seconds chunk 176 of 264
filling seconds chunk 177 of 264
filling seconds chunk 178 of 264
filling seconds chunk 179 of 264
filling seconds chunk 180 of 264
filling seconds chunk 181 of 264
filling seconds chunk 182 of 264
filling seconds chunk 183 of 264
filling seconds chunk 184 of 264
filling seconds chunk 185 of 264
filling seconds chunk 186 of 264
filling seconds chunk 187 of 264
filling seconds chunk 188 of 264
filling seconds chunk 189 of 264
filling seconds chunk 190 of 264
filling seconds chunk 191 of 264
filling seconds chunk 192 of 264
filling seconds chunk 193 of 264
filling seconds chunk 194 of 264
filling seconds chunk 195 of 264
filling seconds chunk 196 of 264
filling seconds chunk 197 of 264
filling seconds chunk 198 of 264
filling seconds chunk 199 of 264
filling seconds chunk 200 of 264
filling seconds chunk 201 of 264
filling seconds chunk 202 of 264
filling seconds chunk 203 of 264
filling seconds chunk 204 of 264
filling seconds chunk 205 of 264
filling seconds chunk 206 of 264
filling seconds chunk 207 of 264
filling seconds chunk 208 of 264
filling seconds chunk 209 of 264
filling seconds chunk 210 of 264
filling seconds chunk 211 of 264
filling seconds chunk 212 of 264
filling seconds chunk 213 of 264
filling seconds chunk 214 of 264
filling seconds chunk 215 of 264
filling seconds chunk 216 of 264
filling seconds chunk 217 of 264
filling seconds chunk 218 of 264
filling seconds chunk 219 of 264
filling seconds chunk 220 of 264
filling seconds chunk 221 of 264
filling seconds chunk 222 of 264
filling seconds chunk 223 of 264
filling seconds chunk 224 of 264
filling seconds chunk 225 of 264
filling seconds chunk 226 of 264
filling seconds chunk 227 of 264
filling seconds chunk 228 of 264
filling seconds chunk 229 of 264
filling seconds chunk 230 of 264
filling seconds chunk 231 of 264
filling seconds chunk 232 of 264
filling seconds chunk 233 of 264
filling seconds chunk 234 of 264
filling seconds chunk 235 of 264
filling seconds chunk 236 of 264
filling seconds chunk 237 of 264
filling seconds chunk 238 of 264
filling seconds chunk 239 of 264
filling seconds chunk 240 of 264
filling seconds chunk 241 of 264
filling seconds chunk 242 of 264
filling seconds chunk 243 of 264
filling seconds chunk 244 of 264
filling seconds chunk 245 of 264
filling seconds chunk 246 of 264
filling seconds chunk 247 of 264
filling seconds chunk 248 of 264
filling seconds chunk 249 of 264
filling seconds chunk 250 of 264
filling seconds chunk 251 of 264
filling seconds chunk 252 of 264
filling seconds chunk 253 of 264
filling seconds chunk 254 of 264
filling seconds chunk 255 of 264
filling seconds chunk 256 of 264
filling seconds chunk 257 of 264
filling seconds chunk 258 of 264
filling seconds chunk 259 of 264
filling seconds chunk 260 of 264
filling seconds chunk 261 of 264
filling seconds chunk 262 of 264
filling seconds chunk 263 of 264
filling seconds chunk 264 of 264
Adding user seconds: writing user seconds
/home/bls910/.conda/envs/first-kernel/lib/python3.11/site-packages/numpy/core/fromnumeric.py:59: FutureWarning: 'DataFrame.swapaxes' is deprecated and will be removed in a future version. Please use 'DataFrame.transpose' instead.
  return bound(*args, **kwds)
Got user seconds chunk 1 of 264
Got user seconds chunk 2 of 264
Got user seconds chunk 3 of 264
Got user seconds chunk 4 of 264
Got user seconds chunk 5 of 264
Got user seconds chunk 6 of 264
Got user seconds chunk 7 of 264
Got user seconds chunk 8 of 264
Got user seconds chunk 9 of 264
Got user seconds chunk 10 of 264
Got user seconds chunk 11 of 264
Got user seconds chunk 12 of 264
Got user seconds chunk 13 of 264
Got user seconds chunk 14 of 264
Got user seconds chunk 15 of 264
Got user seconds chunk 16 of 264
Got user seconds chunk 17 of 264
Got user seconds chunk 18 of 264
Got user seconds chunk 19 of 264
Got user seconds chunk 20 of 264
Got user seconds chunk 21 of 264
Got user seconds chunk 22 of 264
Got user seconds chunk 23 of 264
Got user seconds chunk 24 of 264
Got user seconds chunk 25 of 264
Got user seconds chunk 26 of 264
Got user seconds chunk 27 of 264
Got user seconds chunk 28 of 264
Got user seconds chunk 29 of 264
Got user seconds chunk 30 of 264
Got user seconds chunk 31 of 264
Got user seconds chunk 32 of 264
Got user seconds chunk 33 of 264
Got user seconds chunk 34 of 264
Got user seconds chunk 35 of 264
Got user seconds chunk 36 of 264
Got user seconds chunk 37 of 264
Got user seconds chunk 38 of 264
Got user seconds chunk 39 of 264
Got user seconds chunk 40 of 264
Got user seconds chunk 41 of 264
Got user seconds chunk 42 of 264
Got user seconds chunk 43 of 264
Got user seconds chunk 44 of 264
Got user seconds chunk 45 of 264
Got user seconds chunk 46 of 264
Got user seconds chunk 47 of 264
Got user seconds chunk 48 of 264
Got user seconds chunk 49 of 264
Got user seconds chunk 50 of 264
Got user seconds chunk 51 of 264
Got user seconds chunk 52 of 264
Got user seconds chunk 53 of 264
Got user seconds chunk 54 of 264
Got user seconds chunk 55 of 264
Got user seconds chunk 56 of 264
Got user seconds chunk 57 of 264
Got user seconds chunk 58 of 264
Got user seconds chunk 59 of 264
Got user seconds chunk 60 of 264
Got user seconds chunk 61 of 264
Got user seconds chunk 62 of 264
Got user seconds chunk 63 of 264
Got user seconds chunk 64 of 264
Got user seconds chunk 65 of 264
Got user seconds chunk 66 of 264
Got user seconds chunk 67 of 264
Got user seconds chunk 68 of 264
Got user seconds chunk 69 of 264
Got user seconds chunk 70 of 264
Got user seconds chunk 71 of 264
Got user seconds chunk 72 of 264
Got user seconds chunk 73 of 264
Got user seconds chunk 74 of 264
Got user seconds chunk 75 of 264
Got user seconds chunk 76 of 264
Got user seconds chunk 77 of 264
Got user seconds chunk 78 of 264
Got user seconds chunk 79 of 264
Got user seconds chunk 80 of 264
Got user seconds chunk 81 of 264
Got user seconds chunk 82 of 264
Got user seconds chunk 83 of 264
Got user seconds chunk 84 of 264
Got user seconds chunk 85 of 264
Got user seconds chunk 86 of 264
Got user seconds chunk 87 of 264
Got user seconds chunk 88 of 264
Got user seconds chunk 89 of 264
Got user seconds chunk 90 of 264
Got user seconds chunk 91 of 264
Got user seconds chunk 92 of 264
Got user seconds chunk 93 of 264
Got user seconds chunk 94 of 264
Got user seconds chunk 95 of 264
Got user seconds chunk 96 of 264
Got user seconds chunk 97 of 264
Got user seconds chunk 98 of 264
Got user seconds chunk 99 of 264
Got user seconds chunk 100 of 264
Got user seconds chunk 101 of 264
Got user seconds chunk 102 of 264
Got user seconds chunk 103 of 264
Got user seconds chunk 104 of 264
Got user seconds chunk 105 of 264
Got user seconds chunk 106 of 264
Got user seconds chunk 107 of 264
Got user seconds chunk 108 of 264
Got user seconds chunk 109 of 264
Got user seconds chunk 110 of 264
Got user seconds chunk 111 of 264
Got user seconds chunk 112 of 264
Got user seconds chunk 113 of 264
Got user seconds chunk 114 of 264
Got user seconds chunk 115 of 264
Got user seconds chunk 116 of 264
Got user seconds chunk 117 of 264
Got user seconds chunk 118 of 264
Got user seconds chunk 119 of 264
Got user seconds chunk 120 of 264
Got user seconds chunk 121 of 264
Got user seconds chunk 122 of 264
Got user seconds chunk 123 of 264
Got user seconds chunk 124 of 264
Got user seconds chunk 125 of 264
Got user seconds chunk 126 of 264
Got user seconds chunk 127 of 264
Got user seconds chunk 128 of 264
Got user seconds chunk 129 of 264
Got user seconds chunk 130 of 264
Got user seconds chunk 131 of 264
Got user seconds chunk 132 of 264
Got user seconds chunk 133 of 264
Got user seconds chunk 134 of 264
Got user seconds chunk 135 of 264
Got user seconds chunk 136 of 264
Got user seconds chunk 137 of 264
Got user seconds chunk 138 of 264
Got user seconds chunk 139 of 264
Got user seconds chunk 140 of 264
Got user seconds chunk 141 of 264
Got user seconds chunk 142 of 264
Got user seconds chunk 143 of 264
Got user seconds chunk 144 of 264
Got user seconds chunk 145 of 264
Got user seconds chunk 146 of 264
Got user seconds chunk 147 of 264
Got user seconds chunk 148 of 264
Got user seconds chunk 149 of 264
Got user seconds chunk 150 of 264
Got user seconds chunk 151 of 264
Got user seconds chunk 152 of 264
Got user seconds chunk 153 of 264
Got user seconds chunk 154 of 264
Got user seconds chunk 155 of 264
Got user seconds chunk 156 of 264
Got user seconds chunk 157 of 264
Got user seconds chunk 158 of 264
Got user seconds chunk 159 of 264
Got user seconds chunk 160 of 264
Got user seconds chunk 161 of 264
Got user seconds chunk 162 of 264
Got user seconds chunk 163 of 264
Got user seconds chunk 164 of 264
Got user seconds chunk 165 of 264
Got user seconds chunk 166 of 264
Got user seconds chunk 167 of 264
Got user seconds chunk 168 of 264
Got user seconds chunk 169 of 264
Got user seconds chunk 170 of 264
Got user seconds chunk 171 of 264
Got user seconds chunk 172 of 264
Got user seconds chunk 173 of 264
Got user seconds chunk 174 of 264
Got user seconds chunk 175 of 264
Got user seconds chunk 176 of 264
Got user seconds chunk 177 of 264
Got user seconds chunk 178 of 264
Got user seconds chunk 179 of 264
Got user seconds chunk 180 of 264
Got user seconds chunk 181 of 264
Got user seconds chunk 182 of 264
Got user seconds chunk 183 of 264
Got user seconds chunk 184 of 264
Got user seconds chunk 185 of 264
Got user seconds chunk 186 of 264
Got user seconds chunk 187 of 264
Got user seconds chunk 188 of 264
Got user seconds chunk 189 of 264
Got user seconds chunk 190 of 264
Got user seconds chunk 191 of 264
Got user seconds chunk 192 of 264
Got user seconds chunk 193 of 264
Got user seconds chunk 194 of 264
Got user seconds chunk 195 of 264
Got user seconds chunk 196 of 264
Got user seconds chunk 197 of 264
Got user seconds chunk 198 of 264
Got user seconds chunk 199 of 264
Got user seconds chunk 200 of 264
Got user seconds chunk 201 of 264
Got user seconds chunk 202 of 264
Got user seconds chunk 203 of 264
Got user seconds chunk 204 of 264
Got user seconds chunk 205 of 264
Got user seconds chunk 206 of 264
Got user seconds chunk 207 of 264
Got user seconds chunk 208 of 264
Got user seconds chunk 209 of 264
Got user seconds chunk 210 of 264
Got user seconds chunk 211 of 264
Got user seconds chunk 212 of 264
Got user seconds chunk 213 of 264
Got user seconds chunk 214 of 264
Got user seconds chunk 215 of 264
Got user seconds chunk 216 of 264
Got user seconds chunk 217 of 264
Got user seconds chunk 218 of 264
Got user seconds chunk 219 of 264
Got user seconds chunk 220 of 264
Got user seconds chunk 221 of 264
Got user seconds chunk 222 of 264
Got user seconds chunk 223 of 264
Got user seconds chunk 224 of 264
Got user seconds chunk 225 of 264
Got user seconds chunk 226 of 264
Got user seconds chunk 227 of 264
Got user seconds chunk 228 of 264
Got user seconds chunk 229 of 264
Got user seconds chunk 230 of 264
Got user seconds chunk 231 of 264
Got user seconds chunk 232 of 264
Got user seconds chunk 233 of 264
Got user seconds chunk 234 of 264
Got user seconds chunk 235 of 264
Got user seconds chunk 236 of 264
Got user seconds chunk 237 of 264
Got user seconds chunk 238 of 264
Got user seconds chunk 239 of 264
Got user seconds chunk 240 of 264
Got user seconds chunk 241 of 264
Got user seconds chunk 242 of 264
Got user seconds chunk 243 of 264
Got user seconds chunk 244 of 264
Got user seconds chunk 245 of 264
Got user seconds chunk 246 of 264
Got user seconds chunk 247 of 264
Got user seconds chunk 248 of 264
Got user seconds chunk 249 of 264
Got user seconds chunk 250 of 264
Got user seconds chunk 251 of 264
Got user seconds chunk 252 of 264
Got user seconds chunk 253 of 264
Got user seconds chunk 254 of 264
Got user seconds chunk 255 of 264
Got user seconds chunk 256 of 264
Got user seconds chunk 257 of 264
Got user seconds chunk 258 of 264
Got user seconds chunk 259 of 264
Got user seconds chunk 260 of 264
Got user seconds chunk 261 of 264
Got user seconds chunk 262 of 264
Got user seconds chunk 263 of 264
Got user seconds chunk 264 of 264
saving to CSV
starting add_true_date_info.py
done with globals
starting
reading
adding total user posts
adding post numbers
getting first date
labeling with true dates
filling experience
got k = 24.180893639005287
writing
python: can't open file '/home/bls910/reddit/preprocess_exp/characterize.py': [Errno 2] No such file or directory
