Python 3.11.7
starting clean_and_add_seconds.py
done with globals
starting
Getting CSV size
CSV has 85 total chunks. Reading
cleaning
cleaned chunk 1 of 86
cleaned chunk 2 of 86
cleaned chunk 3 of 86
cleaned chunk 4 of 86
cleaned chunk 5 of 86
cleaned chunk 6 of 86
cleaned chunk 7 of 86
cleaned chunk 8 of 86
cleaned chunk 9 of 86
cleaned chunk 10 of 86
cleaned chunk 11 of 86
cleaned chunk 12 of 86
cleaned chunk 13 of 86
cleaned chunk 14 of 86
cleaned chunk 15 of 86
cleaned chunk 16 of 86
cleaned chunk 17 of 86
cleaned chunk 18 of 86
cleaned chunk 19 of 86
cleaned chunk 20 of 86
cleaned chunk 21 of 86
cleaned chunk 22 of 86
cleaned chunk 23 of 86
cleaned chunk 24 of 86
cleaned chunk 25 of 86
cleaned chunk 26 of 86
cleaned chunk 27 of 86
cleaned chunk 28 of 86
cleaned chunk 29 of 86
cleaned chunk 30 of 86
cleaned chunk 31 of 86
cleaned chunk 32 of 86
cleaned chunk 33 of 86
cleaned chunk 34 of 86
cleaned chunk 35 of 86
cleaned chunk 36 of 86
cleaned chunk 37 of 86
cleaned chunk 38 of 86
cleaned chunk 39 of 86
cleaned chunk 40 of 86
cleaned chunk 41 of 86
cleaned chunk 42 of 86
cleaned chunk 43 of 86
cleaned chunk 44 of 86
cleaned chunk 45 of 86
cleaned chunk 46 of 86
cleaned chunk 47 of 86
cleaned chunk 48 of 86
cleaned chunk 49 of 86
cleaned chunk 50 of 86
cleaned chunk 51 of 86
cleaned chunk 52 of 86
cleaned chunk 53 of 86
cleaned chunk 54 of 86
cleaned chunk 55 of 86
cleaned chunk 56 of 86
cleaned chunk 57 of 86
cleaned chunk 58 of 86
cleaned chunk 59 of 86
cleaned chunk 60 of 86
cleaned chunk 61 of 86
cleaned chunk 62 of 86
cleaned chunk 63 of 86
cleaned chunk 64 of 86
cleaned chunk 65 of 86
cleaned chunk 66 of 86
cleaned chunk 67 of 86
cleaned chunk 68 of 86
cleaned chunk 69 of 86
cleaned chunk 70 of 86
cleaned chunk 71 of 86
cleaned chunk 72 of 86
cleaned chunk 73 of 86
cleaned chunk 74 of 86
cleaned chunk 75 of 86
cleaned chunk 76 of 86
cleaned chunk 77 of 86
cleaned chunk 78 of 86
cleaned chunk 79 of 86
cleaned chunk 80 of 86
cleaned chunk 81 of 86
cleaned chunk 82 of 86
cleaned chunk 83 of 86
cleaned chunk 84 of 86
cleaned chunk 85 of 86
cleaned chunk 86 of 86
Converting date column to datetime
Getting min date
Filling seconds column
/home/bls910/.conda/envs/first-kernel/lib/python3.11/site-packages/numpy/core/fromnumeric.py:59: FutureWarning: 'DataFrame.swapaxes' is deprecated and will be removed in a future version. Please use 'DataFrame.transpose' instead.
  return bound(*args, **kwds)
filling seconds chunk 1 of 59
filling seconds chunk 2 of 59
filling seconds chunk 3 of 59
filling seconds chunk 4 of 59
filling seconds chunk 5 of 59
filling seconds chunk 6 of 59
filling seconds chunk 7 of 59
filling seconds chunk 8 of 59
filling seconds chunk 9 of 59
filling seconds chunk 10 of 59
filling seconds chunk 11 of 59
filling seconds chunk 12 of 59
filling seconds chunk 13 of 59
filling seconds chunk 14 of 59
filling seconds chunk 15 of 59
filling seconds chunk 16 of 59
filling seconds chunk 17 of 59
filling seconds chunk 18 of 59
filling seconds chunk 19 of 59
filling seconds chunk 20 of 59
filling seconds chunk 21 of 59
filling seconds chunk 22 of 59
filling seconds chunk 23 of 59
filling seconds chunk 24 of 59
filling seconds chunk 25 of 59
filling seconds chunk 26 of 59
filling seconds chunk 27 of 59
filling seconds chunk 28 of 59
filling seconds chunk 29 of 59
filling seconds chunk 30 of 59
filling seconds chunk 31 of 59
filling seconds chunk 32 of 59
filling seconds chunk 33 of 59
filling seconds chunk 34 of 59
filling seconds chunk 35 of 59
filling seconds chunk 36 of 59
filling seconds chunk 37 of 59
filling seconds chunk 38 of 59
filling seconds chunk 39 of 59
filling seconds chunk 40 of 59
filling seconds chunk 41 of 59
filling seconds chunk 42 of 59
filling seconds chunk 43 of 59
filling seconds chunk 44 of 59
filling seconds chunk 45 of 59
filling seconds chunk 46 of 59
filling seconds chunk 47 of 59
filling seconds chunk 48 of 59
filling seconds chunk 49 of 59
filling seconds chunk 50 of 59
filling seconds chunk 51 of 59
filling seconds chunk 52 of 59
filling seconds chunk 53 of 59
filling seconds chunk 54 of 59
filling seconds chunk 55 of 59
filling seconds chunk 56 of 59
filling seconds chunk 57 of 59
filling seconds chunk 58 of 59
filling seconds chunk 59 of 59
Adding user seconds: writing user seconds
/home/bls910/.conda/envs/first-kernel/lib/python3.11/site-packages/numpy/core/fromnumeric.py:59: FutureWarning: 'DataFrame.swapaxes' is deprecated and will be removed in a future version. Please use 'DataFrame.transpose' instead.
  return bound(*args, **kwds)
Got user seconds chunk 1 of 59
Got user seconds chunk 2 of 59
Got user seconds chunk 3 of 59
Got user seconds chunk 4 of 59
Got user seconds chunk 5 of 59
Got user seconds chunk 6 of 59
Got user seconds chunk 7 of 59
Got user seconds chunk 8 of 59
Got user seconds chunk 9 of 59
Got user seconds chunk 10 of 59
Got user seconds chunk 11 of 59
Got user seconds chunk 12 of 59
Got user seconds chunk 13 of 59
Got user seconds chunk 14 of 59
Got user seconds chunk 15 of 59
Got user seconds chunk 16 of 59
Got user seconds chunk 17 of 59
Got user seconds chunk 18 of 59
Got user seconds chunk 19 of 59
Got user seconds chunk 20 of 59
Got user seconds chunk 21 of 59
Got user seconds chunk 22 of 59
Got user seconds chunk 23 of 59
Got user seconds chunk 24 of 59
Got user seconds chunk 25 of 59
Got user seconds chunk 26 of 59
Got user seconds chunk 27 of 59
Got user seconds chunk 28 of 59
Got user seconds chunk 29 of 59
Got user seconds chunk 30 of 59
Got user seconds chunk 31 of 59
Got user seconds chunk 32 of 59
Got user seconds chunk 33 of 59
Got user seconds chunk 34 of 59
Got user seconds chunk 35 of 59
Got user seconds chunk 36 of 59
Got user seconds chunk 37 of 59
Got user seconds chunk 38 of 59
Got user seconds chunk 39 of 59
Got user seconds chunk 40 of 59
Got user seconds chunk 41 of 59
Got user seconds chunk 42 of 59
Got user seconds chunk 43 of 59
Got user seconds chunk 44 of 59
Got user seconds chunk 45 of 59
Got user seconds chunk 46 of 59
Got user seconds chunk 47 of 59
Got user seconds chunk 48 of 59
Got user seconds chunk 49 of 59
Got user seconds chunk 50 of 59
Got user seconds chunk 51 of 59
Got user seconds chunk 52 of 59
Got user seconds chunk 53 of 59
Got user seconds chunk 54 of 59
Got user seconds chunk 55 of 59
Got user seconds chunk 56 of 59
Got user seconds chunk 57 of 59
Got user seconds chunk 58 of 59
Got user seconds chunk 59 of 59
saving to CSV
starting tokenize_cleaned_csv.py
done with globals
starting
reading to dask and processing
getting total rows
Total rows: 5860871
Total chunks: 59
starting processing
Processed chunk 1 of 59
Processed chunk 2 of 59
Processed chunk 3 of 59
Processed chunk 4 of 59
Processed chunk 5 of 59
Processed chunk 6 of 59
Processed chunk 7 of 59
Processed chunk 8 of 59
Processed chunk 9 of 59
Processed chunk 10 of 59
Processed chunk 11 of 59
Processed chunk 12 of 59
Processed chunk 13 of 59
Processed chunk 14 of 59
Processed chunk 15 of 59
Processed chunk 16 of 59
Processed chunk 17 of 59
Processed chunk 18 of 59
Processed chunk 19 of 59
Processed chunk 20 of 59
Processed chunk 21 of 59
Processed chunk 22 of 59
Processed chunk 23 of 59
Processed chunk 24 of 59
Processed chunk 25 of 59
Processed chunk 26 of 59
Processed chunk 27 of 59
Processed chunk 28 of 59
Processed chunk 29 of 59
Processed chunk 30 of 59
Processed chunk 31 of 59
Processed chunk 32 of 59
Processed chunk 33 of 59
Processed chunk 34 of 59
Processed chunk 35 of 59
Processed chunk 36 of 59
Processed chunk 37 of 59
Processed chunk 38 of 59
Processed chunk 39 of 59
Processed chunk 40 of 59
Processed chunk 41 of 59
Processed chunk 42 of 59
Processed chunk 43 of 59
Processed chunk 44 of 59
Processed chunk 45 of 59
Processed chunk 46 of 59
Processed chunk 47 of 59
Processed chunk 48 of 59
Processed chunk 49 of 59
Processed chunk 50 of 59
Processed chunk 51 of 59
Processed chunk 52 of 59
Processed chunk 53 of 59
Processed chunk 54 of 59
Processed chunk 55 of 59
Processed chunk 56 of 59
Processed chunk 57 of 59
Processed chunk 58 of 59
Processed chunk 59 of 59
Time to tokenize: 1221.6936752796173 seconds
starting add_true_date_info.py
done with globals
starting
reading
adding total user posts
adding post numbers
getting first date
labeling with true dates
writing
starting zsts_to_exp_df
done with globals
starting
Reading submissions

read all lines
Reading comments

read all lines
starting clean_and_add_seconds.py
done with globals
starting
Converting date column to datetime
Getting min date
cleaning
Filling seconds column
/home/bls910/.conda/envs/first-kernel/lib/python3.11/site-packages/numpy/core/fromnumeric.py:59: FutureWarning: 'DataFrame.swapaxes' is deprecated and will be removed in a future version. Please use 'DataFrame.transpose' instead.
  return bound(*args, **kwds)
filling seconds chunk 1 of 243
filling seconds chunk 2 of 243
filling seconds chunk 3 of 243
filling seconds chunk 4 of 243
filling seconds chunk 5 of 243
filling seconds chunk 6 of 243
filling seconds chunk 7 of 243
filling seconds chunk 8 of 243
filling seconds chunk 9 of 243
filling seconds chunk 10 of 243
filling seconds chunk 11 of 243
filling seconds chunk 12 of 243
filling seconds chunk 13 of 243
filling seconds chunk 14 of 243
filling seconds chunk 15 of 243
filling seconds chunk 16 of 243
filling seconds chunk 17 of 243
filling seconds chunk 18 of 243
filling seconds chunk 19 of 243
filling seconds chunk 20 of 243
filling seconds chunk 21 of 243
filling seconds chunk 22 of 243
filling seconds chunk 23 of 243
filling seconds chunk 24 of 243
filling seconds chunk 25 of 243
filling seconds chunk 26 of 243
filling seconds chunk 27 of 243
filling seconds chunk 28 of 243
filling seconds chunk 29 of 243
filling seconds chunk 30 of 243
filling seconds chunk 31 of 243
filling seconds chunk 32 of 243
filling seconds chunk 33 of 243
filling seconds chunk 34 of 243
filling seconds chunk 35 of 243
filling seconds chunk 36 of 243
filling seconds chunk 37 of 243
filling seconds chunk 38 of 243
filling seconds chunk 39 of 243
filling seconds chunk 40 of 243
filling seconds chunk 41 of 243
filling seconds chunk 42 of 243
filling seconds chunk 43 of 243
filling seconds chunk 44 of 243
filling seconds chunk 45 of 243
filling seconds chunk 46 of 243
filling seconds chunk 47 of 243
filling seconds chunk 48 of 243
filling seconds chunk 49 of 243
filling seconds chunk 50 of 243
filling seconds chunk 51 of 243
filling seconds chunk 52 of 243
filling seconds chunk 53 of 243
filling seconds chunk 54 of 243
filling seconds chunk 55 of 243
filling seconds chunk 56 of 243
filling seconds chunk 57 of 243
filling seconds chunk 58 of 243
filling seconds chunk 59 of 243
filling seconds chunk 60 of 243
filling seconds chunk 61 of 243
filling seconds chunk 62 of 243
filling seconds chunk 63 of 243
filling seconds chunk 64 of 243
filling seconds chunk 65 of 243
filling seconds chunk 66 of 243
filling seconds chunk 67 of 243
filling seconds chunk 68 of 243
filling seconds chunk 69 of 243
filling seconds chunk 70 of 243
filling seconds chunk 71 of 243
filling seconds chunk 72 of 243
filling seconds chunk 73 of 243
filling seconds chunk 74 of 243
filling seconds chunk 75 of 243
filling seconds chunk 76 of 243
filling seconds chunk 77 of 243
filling seconds chunk 78 of 243
filling seconds chunk 79 of 243
filling seconds chunk 80 of 243
filling seconds chunk 81 of 243
filling seconds chunk 82 of 243
filling seconds chunk 83 of 243
filling seconds chunk 84 of 243
filling seconds chunk 85 of 243
filling seconds chunk 86 of 243
filling seconds chunk 87 of 243
filling seconds chunk 88 of 243
filling seconds chunk 89 of 243
filling seconds chunk 90 of 243
filling seconds chunk 91 of 243
filling seconds chunk 92 of 243
filling seconds chunk 93 of 243
filling seconds chunk 94 of 243
filling seconds chunk 95 of 243
filling seconds chunk 96 of 243
filling seconds chunk 97 of 243
filling seconds chunk 98 of 243
filling seconds chunk 99 of 243
filling seconds chunk 100 of 243
filling seconds chunk 101 of 243
filling seconds chunk 102 of 243
filling seconds chunk 103 of 243
filling seconds chunk 104 of 243
filling seconds chunk 105 of 243
filling seconds chunk 106 of 243
filling seconds chunk 107 of 243
filling seconds chunk 108 of 243
filling seconds chunk 109 of 243
filling seconds chunk 110 of 243
filling seconds chunk 111 of 243
filling seconds chunk 112 of 243
filling seconds chunk 113 of 243
filling seconds chunk 114 of 243
filling seconds chunk 115 of 243
filling seconds chunk 116 of 243
filling seconds chunk 117 of 243
filling seconds chunk 118 of 243
filling seconds chunk 119 of 243
filling seconds chunk 120 of 243
filling seconds chunk 121 of 243
filling seconds chunk 122 of 243
filling seconds chunk 123 of 243
filling seconds chunk 124 of 243
filling seconds chunk 125 of 243
filling seconds chunk 126 of 243
filling seconds chunk 127 of 243
filling seconds chunk 128 of 243
filling seconds chunk 129 of 243
filling seconds chunk 130 of 243
filling seconds chunk 131 of 243
filling seconds chunk 132 of 243
filling seconds chunk 133 of 243
filling seconds chunk 134 of 243
filling seconds chunk 135 of 243
filling seconds chunk 136 of 243
filling seconds chunk 137 of 243
filling seconds chunk 138 of 243
filling seconds chunk 139 of 243
filling seconds chunk 140 of 243
filling seconds chunk 141 of 243
filling seconds chunk 142 of 243
filling seconds chunk 143 of 243
filling seconds chunk 144 of 243
filling seconds chunk 145 of 243
filling seconds chunk 146 of 243
filling seconds chunk 147 of 243
filling seconds chunk 148 of 243
filling seconds chunk 149 of 243
filling seconds chunk 150 of 243
filling seconds chunk 151 of 243
filling seconds chunk 152 of 243
filling seconds chunk 153 of 243
filling seconds chunk 154 of 243
filling seconds chunk 155 of 243
filling seconds chunk 156 of 243
filling seconds chunk 157 of 243
filling seconds chunk 158 of 243
filling seconds chunk 159 of 243
filling seconds chunk 160 of 243
filling seconds chunk 161 of 243
filling seconds chunk 162 of 243
filling seconds chunk 163 of 243
filling seconds chunk 164 of 243
filling seconds chunk 165 of 243
filling seconds chunk 166 of 243
filling seconds chunk 167 of 243
filling seconds chunk 168 of 243
filling seconds chunk 169 of 243
filling seconds chunk 170 of 243
filling seconds chunk 171 of 243
filling seconds chunk 172 of 243
filling seconds chunk 173 of 243
filling seconds chunk 174 of 243
filling seconds chunk 175 of 243
filling seconds chunk 176 of 243
filling seconds chunk 177 of 243
filling seconds chunk 178 of 243
filling seconds chunk 179 of 243
filling seconds chunk 180 of 243
filling seconds chunk 181 of 243
filling seconds chunk 182 of 243
filling seconds chunk 183 of 243
filling seconds chunk 184 of 243
filling seconds chunk 185 of 243
filling seconds chunk 186 of 243
filling seconds chunk 187 of 243
filling seconds chunk 188 of 243
filling seconds chunk 189 of 243
filling seconds chunk 190 of 243
filling seconds chunk 191 of 243
filling seconds chunk 192 of 243
filling seconds chunk 193 of 243
filling seconds chunk 194 of 243
filling seconds chunk 195 of 243
filling seconds chunk 196 of 243
filling seconds chunk 197 of 243
filling seconds chunk 198 of 243
filling seconds chunk 199 of 243
filling seconds chunk 200 of 243
filling seconds chunk 201 of 243
filling seconds chunk 202 of 243
filling seconds chunk 203 of 243
filling seconds chunk 204 of 243
filling seconds chunk 205 of 243
filling seconds chunk 206 of 243
filling seconds chunk 207 of 243
filling seconds chunk 208 of 243
filling seconds chunk 209 of 243
filling seconds chunk 210 of 243
filling seconds chunk 211 of 243
filling seconds chunk 212 of 243
filling seconds chunk 213 of 243
filling seconds chunk 214 of 243
filling seconds chunk 215 of 243
filling seconds chunk 216 of 243
filling seconds chunk 217 of 243
filling seconds chunk 218 of 243
filling seconds chunk 219 of 243
filling seconds chunk 220 of 243
filling seconds chunk 221 of 243
filling seconds chunk 222 of 243
filling seconds chunk 223 of 243
filling seconds chunk 224 of 243
filling seconds chunk 225 of 243
filling seconds chunk 226 of 243
filling seconds chunk 227 of 243
filling seconds chunk 228 of 243
filling seconds chunk 229 of 243
filling seconds chunk 230 of 243
filling seconds chunk 231 of 243
filling seconds chunk 232 of 243
filling seconds chunk 233 of 243
filling seconds chunk 234 of 243
filling seconds chunk 235 of 243
filling seconds chunk 236 of 243
filling seconds chunk 237 of 243
filling seconds chunk 238 of 243
filling seconds chunk 239 of 243
filling seconds chunk 240 of 243
filling seconds chunk 241 of 243
filling seconds chunk 242 of 243
filling seconds chunk 243 of 243
Adding user seconds: writing user seconds
/home/bls910/.conda/envs/first-kernel/lib/python3.11/site-packages/numpy/core/fromnumeric.py:59: FutureWarning: 'DataFrame.swapaxes' is deprecated and will be removed in a future version. Please use 'DataFrame.transpose' instead.
  return bound(*args, **kwds)
Got user seconds chunk 1 of 243
Got user seconds chunk 2 of 243
Got user seconds chunk 3 of 243
Got user seconds chunk 4 of 243
Got user seconds chunk 5 of 243
Got user seconds chunk 6 of 243
Got user seconds chunk 7 of 243
Got user seconds chunk 8 of 243
Got user seconds chunk 9 of 243
Got user seconds chunk 10 of 243
Got user seconds chunk 11 of 243
Got user seconds chunk 12 of 243
Got user seconds chunk 13 of 243
Got user seconds chunk 14 of 243
Got user seconds chunk 15 of 243
Got user seconds chunk 16 of 243
Got user seconds chunk 17 of 243
Got user seconds chunk 18 of 243
Got user seconds chunk 19 of 243
Got user seconds chunk 20 of 243
Got user seconds chunk 21 of 243
Got user seconds chunk 22 of 243
Got user seconds chunk 23 of 243
Got user seconds chunk 24 of 243
Got user seconds chunk 25 of 243
Got user seconds chunk 26 of 243
Got user seconds chunk 27 of 243
Got user seconds chunk 28 of 243
Got user seconds chunk 29 of 243
Got user seconds chunk 30 of 243
Got user seconds chunk 31 of 243
Got user seconds chunk 32 of 243
Got user seconds chunk 33 of 243
Got user seconds chunk 34 of 243
Got user seconds chunk 35 of 243
Got user seconds chunk 36 of 243
Got user seconds chunk 37 of 243
Got user seconds chunk 38 of 243
Got user seconds chunk 39 of 243
Got user seconds chunk 40 of 243
Got user seconds chunk 41 of 243
Got user seconds chunk 42 of 243
Got user seconds chunk 43 of 243
Got user seconds chunk 44 of 243
Got user seconds chunk 45 of 243
Got user seconds chunk 46 of 243
Got user seconds chunk 47 of 243
Got user seconds chunk 48 of 243
Got user seconds chunk 49 of 243
Got user seconds chunk 50 of 243
Got user seconds chunk 51 of 243
Got user seconds chunk 52 of 243
Got user seconds chunk 53 of 243
Got user seconds chunk 54 of 243
Got user seconds chunk 55 of 243
Got user seconds chunk 56 of 243
Got user seconds chunk 57 of 243
Got user seconds chunk 58 of 243
Got user seconds chunk 59 of 243
Got user seconds chunk 60 of 243
Got user seconds chunk 61 of 243
Got user seconds chunk 62 of 243
Got user seconds chunk 63 of 243
Got user seconds chunk 64 of 243
Got user seconds chunk 65 of 243
Got user seconds chunk 66 of 243
Got user seconds chunk 67 of 243
Got user seconds chunk 68 of 243
Got user seconds chunk 69 of 243
Got user seconds chunk 70 of 243
Got user seconds chunk 71 of 243
Got user seconds chunk 72 of 243
Got user seconds chunk 73 of 243
Got user seconds chunk 74 of 243
Got user seconds chunk 75 of 243
Got user seconds chunk 76 of 243
Got user seconds chunk 77 of 243
Got user seconds chunk 78 of 243
Got user seconds chunk 79 of 243
Got user seconds chunk 80 of 243
Got user seconds chunk 81 of 243
Got user seconds chunk 82 of 243
Got user seconds chunk 83 of 243
Got user seconds chunk 84 of 243
Got user seconds chunk 85 of 243
Got user seconds chunk 86 of 243
Got user seconds chunk 87 of 243
Got user seconds chunk 88 of 243
Got user seconds chunk 89 of 243
Got user seconds chunk 90 of 243
Got user seconds chunk 91 of 243
Got user seconds chunk 92 of 243
Got user seconds chunk 93 of 243
Got user seconds chunk 94 of 243
Got user seconds chunk 95 of 243
Got user seconds chunk 96 of 243
Got user seconds chunk 97 of 243
Got user seconds chunk 98 of 243
Got user seconds chunk 99 of 243
Got user seconds chunk 100 of 243
Got user seconds chunk 101 of 243
Got user seconds chunk 102 of 243
Got user seconds chunk 103 of 243
Got user seconds chunk 104 of 243
Got user seconds chunk 105 of 243
Got user seconds chunk 106 of 243
Got user seconds chunk 107 of 243
Got user seconds chunk 108 of 243
Got user seconds chunk 109 of 243
Got user seconds chunk 110 of 243
Got user seconds chunk 111 of 243
Got user seconds chunk 112 of 243
Got user seconds chunk 113 of 243
Got user seconds chunk 114 of 243
Got user seconds chunk 115 of 243
Got user seconds chunk 116 of 243
Got user seconds chunk 117 of 243
Got user seconds chunk 118 of 243
Got user seconds chunk 119 of 243
Got user seconds chunk 120 of 243
Got user seconds chunk 121 of 243
Got user seconds chunk 122 of 243
Got user seconds chunk 123 of 243
Got user seconds chunk 124 of 243
Got user seconds chunk 125 of 243
Got user seconds chunk 126 of 243
Got user seconds chunk 127 of 243
Got user seconds chunk 128 of 243
Got user seconds chunk 129 of 243
Got user seconds chunk 130 of 243
Got user seconds chunk 131 of 243
Got user seconds chunk 132 of 243
Got user seconds chunk 133 of 243
Got user seconds chunk 134 of 243
Got user seconds chunk 135 of 243
Got user seconds chunk 136 of 243
Got user seconds chunk 137 of 243
Got user seconds chunk 138 of 243
Got user seconds chunk 139 of 243
Got user seconds chunk 140 of 243
Got user seconds chunk 141 of 243
Got user seconds chunk 142 of 243
Got user seconds chunk 143 of 243
Got user seconds chunk 144 of 243
Got user seconds chunk 145 of 243
Got user seconds chunk 146 of 243
Got user seconds chunk 147 of 243
Got user seconds chunk 148 of 243
Got user seconds chunk 149 of 243
Got user seconds chunk 150 of 243
Got user seconds chunk 151 of 243
Got user seconds chunk 152 of 243
Got user seconds chunk 153 of 243
Got user seconds chunk 154 of 243
Got user seconds chunk 155 of 243
Got user seconds chunk 156 of 243
Got user seconds chunk 157 of 243
Got user seconds chunk 158 of 243
Got user seconds chunk 159 of 243
Got user seconds chunk 160 of 243
Got user seconds chunk 161 of 243
Got user seconds chunk 162 of 243
Got user seconds chunk 163 of 243
Got user seconds chunk 164 of 243
Got user seconds chunk 165 of 243
Got user seconds chunk 166 of 243
Got user seconds chunk 167 of 243
Got user seconds chunk 168 of 243
Got user seconds chunk 169 of 243
Got user seconds chunk 170 of 243
Got user seconds chunk 171 of 243
Got user seconds chunk 172 of 243
Got user seconds chunk 173 of 243
Got user seconds chunk 174 of 243
Got user seconds chunk 175 of 243
Got user seconds chunk 176 of 243
Got user seconds chunk 177 of 243
Got user seconds chunk 178 of 243
Got user seconds chunk 179 of 243
Got user seconds chunk 180 of 243
Got user seconds chunk 181 of 243
Got user seconds chunk 182 of 243
Got user seconds chunk 183 of 243
Got user seconds chunk 184 of 243
Got user seconds chunk 185 of 243
Got user seconds chunk 186 of 243
Got user seconds chunk 187 of 243
Got user seconds chunk 188 of 243
Got user seconds chunk 189 of 243
Got user seconds chunk 190 of 243
Got user seconds chunk 191 of 243
Got user seconds chunk 192 of 243
Got user seconds chunk 193 of 243
Got user seconds chunk 194 of 243
Got user seconds chunk 195 of 243
Got user seconds chunk 196 of 243
Got user seconds chunk 197 of 243
Got user seconds chunk 198 of 243
Got user seconds chunk 199 of 243
Got user seconds chunk 200 of 243
Got user seconds chunk 201 of 243
Got user seconds chunk 202 of 243
Got user seconds chunk 203 of 243
Got user seconds chunk 204 of 243
Got user seconds chunk 205 of 243
Got user seconds chunk 206 of 243
Got user seconds chunk 207 of 243
Got user seconds chunk 208 of 243
Got user seconds chunk 209 of 243
Got user seconds chunk 210 of 243
Got user seconds chunk 211 of 243
Got user seconds chunk 212 of 243
Got user seconds chunk 213 of 243
Got user seconds chunk 214 of 243
Got user seconds chunk 215 of 243
Got user seconds chunk 216 of 243
Got user seconds chunk 217 of 243
Got user seconds chunk 218 of 243
Got user seconds chunk 219 of 243
Got user seconds chunk 220 of 243
Got user seconds chunk 221 of 243
Got user seconds chunk 222 of 243
Got user seconds chunk 223 of 243
Got user seconds chunk 224 of 243
Got user seconds chunk 225 of 243
Got user seconds chunk 226 of 243
Got user seconds chunk 227 of 243
Got user seconds chunk 228 of 243
Got user seconds chunk 229 of 243
Got user seconds chunk 230 of 243
Got user seconds chunk 231 of 243
Got user seconds chunk 232 of 243
Got user seconds chunk 233 of 243
Got user seconds chunk 234 of 243
Got user seconds chunk 235 of 243
Got user seconds chunk 236 of 243
Got user seconds chunk 237 of 243
Got user seconds chunk 238 of 243
Got user seconds chunk 239 of 243
Got user seconds chunk 240 of 243
Got user seconds chunk 241 of 243
Got user seconds chunk 242 of 243
Got user seconds chunk 243 of 243
saving to CSV
starting add_true_date_info.py
done with globals
starting
reading
adding total user posts
adding post numbers
getting first date
labeling with true dates
filling experience
got k = 19.880911573370092
writing
